18:31:15:189  INFO 23620 --- [main] com.hmall.user.UserApplication           : The following 1 profile is active: "local"
18:31:17:366  INFO 23620 --- [main] .s.d.r.c.RepositoryConfigurationDelegate : Multiple Spring Data modules found, entering strict repository configuration mode
18:31:17:375  INFO 23620 --- [main] .s.d.r.c.RepositoryConfigurationDelegate : Bootstrapping Spring Data Redis repositories in DEFAULT mode.
18:31:17:438  INFO 23620 --- [main] .s.d.r.c.RepositoryConfigurationDelegate : Finished Spring Data repository scanning in 26 ms. Found 0 Redis repository interfaces.
18:31:18:041  INFO 23620 --- [main] o.s.cloud.context.scope.GenericScope     : BeanFactory id=0f9f95f6-046b-3048-8ba4-d027c5e78305
18:31:19:116  INFO 23620 --- [main] o.s.b.w.embedded.tomcat.TomcatWebServer  : Tomcat initialized with port(s): 8084 (http)
18:31:19:144  INFO 23620 --- [main] o.apache.catalina.core.StandardService   : Starting service [Tomcat]
18:31:19:145  INFO 23620 --- [main] org.apache.catalina.core.StandardEngine  : Starting Servlet engine: [Apache Tomcat/9.0.75]
18:31:19:538  INFO 23620 --- [main] o.a.c.c.C.[Tomcat].[localhost].[/]       : Initializing Spring embedded WebApplicationContext
18:31:19:539  INFO 23620 --- [main] w.s.c.ServletWebServerApplicationContext : Root WebApplicationContext: initialization completed in 4293 ms
18:31:23:682  INFO 23620 --- [main] o.s.cloud.commons.util.InetUtils         : Cannot determine local hostname
18:31:23:738  INFO 23620 --- [main] pertySourcedRequestMappingHandlerMapping : Mapped URL path [/v2/api-docs] onto method [springfox.documentation.swagger2.web.Swagger2ControllerWebMvc#getDocumentation(String, HttpServletRequest)]
18:31:25:803  INFO 23620 --- [main] o.s.cloud.commons.util.InetUtils         : Cannot determine local hostname
18:31:26:437  INFO 23620 --- [main] com.alibaba.nacos.common.remote.client   : [RpcClientFactory] create a new rpc client of c2626c45-3f87-4988-9ac6-f22a19547a05
18:31:26:437  INFO 23620 --- [main] com.alibaba.nacos.common.remote.client   : [c2626c45-3f87-4988-9ac6-f22a19547a05] RpcClient init label, labels = {module=naming, source=sdk}
18:31:26:441  INFO 23620 --- [main] com.alibaba.nacos.common.remote.client   : [c2626c45-3f87-4988-9ac6-f22a19547a05] RpcClient init, ServerListFactory = com.alibaba.nacos.client.naming.core.ServerListManager
18:31:26:441  INFO 23620 --- [main] com.alibaba.nacos.common.remote.client   : [c2626c45-3f87-4988-9ac6-f22a19547a05] Registry connection listener to current client:com.alibaba.nacos.client.naming.remote.gprc.redo.NamingGrpcRedoService
18:31:26:442  INFO 23620 --- [main] com.alibaba.nacos.common.remote.client   : [c2626c45-3f87-4988-9ac6-f22a19547a05] Register server push request handler:com.alibaba.nacos.client.naming.remote.gprc.NamingPushRequestHandler
18:31:26:442  INFO 23620 --- [main] com.alibaba.nacos.common.remote.client   : [c2626c45-3f87-4988-9ac6-f22a19547a05] Try to connect to server on start up, server: {serverIp = '192.168.6.125', server main port = 8848}
18:31:26:587  INFO 23620 --- [main] com.alibaba.nacos.common.remote.client   : [c2626c45-3f87-4988-9ac6-f22a19547a05] Success to connect to server [192.168.6.125:8848] on start up, connectionId = 1722076286494_192.168.6.1_50555
18:31:26:588  INFO 23620 --- [main] com.alibaba.nacos.common.remote.client   : [c2626c45-3f87-4988-9ac6-f22a19547a05] Register server push request handler:com.alibaba.nacos.common.remote.client.RpcClient$ConnectResetRequestHandler
18:31:26:588  INFO 23620 --- [com.alibaba.nacos.client.remote.worker] com.alibaba.nacos.common.remote.client   : [c2626c45-3f87-4988-9ac6-f22a19547a05] Notify connected event to listeners.
18:31:26:588  INFO 23620 --- [main] com.alibaba.nacos.common.remote.client   : [c2626c45-3f87-4988-9ac6-f22a19547a05] Register server push request handler:com.alibaba.nacos.common.remote.client.RpcClient$$Lambda$482/0x00000256a74f7cb0
18:31:26:750  INFO 23620 --- [main] o.s.b.w.embedded.tomcat.TomcatWebServer  : Tomcat started on port(s): 8084 (http) with context path ''
18:31:26:763  INFO 23620 --- [main] c.a.c.n.registry.NacosServiceRegistry    : nacos registry, DEFAULT_GROUP user-service 192.168.6.1:8084 register finished
18:31:27:181  INFO 23620 --- [nacos-grpc-client-executor-6] com.alibaba.nacos.common.remote.client   : [c2626c45-3f87-4988-9ac6-f22a19547a05] Receive server push request, request = NotifySubscriberRequest, requestId = 11
18:31:27:196  INFO 23620 --- [nacos-grpc-client-executor-6] com.alibaba.nacos.common.remote.client   : [c2626c45-3f87-4988-9ac6-f22a19547a05] Ack server push request, request = NotifySubscriberRequest, requestId = 11
18:31:28:000  INFO 23620 --- [main] o.s.cloud.commons.util.InetUtils         : Cannot determine local hostname
18:31:28:002  INFO 23620 --- [main] d.s.w.p.DocumentationPluginsBootstrapper : Documentation plugins bootstrapped
18:31:28:007  INFO 23620 --- [main] d.s.w.p.DocumentationPluginsBootstrapper : Found 1 custom documentation plugin(s)
18:31:28:045  INFO 23620 --- [main] s.d.s.w.s.ApiListingReferenceScanner     : Scanning for api listing references
18:31:28:064  INFO 23620 --- [main] com.hmall.user.UserApplication           : Started UserApplication in 21.718 seconds (JVM running for 23.751)
18:31:28:073  INFO 23620 --- [main] c.a.c.n.refresh.NacosContextRefresher    : [Nacos Config] Listening config: dataId=user-service.yaml, group=DEFAULT_GROUP
18:31:28:074  INFO 23620 --- [main] c.a.c.n.refresh.NacosContextRefresher    : [Nacos Config] Listening config: dataId=user-service-local.yaml, group=DEFAULT_GROUP
18:31:28:074  INFO 23620 --- [main] c.a.c.n.refresh.NacosContextRefresher    : [Nacos Config] Listening config: dataId=user-service, group=DEFAULT_GROUP
18:35:45:540  INFO 23620 --- [http-nio-8084-exec-1] o.a.c.c.C.[Tomcat].[localhost].[/]       : Initializing Spring DispatcherServlet 'dispatcherServlet'
18:35:45:541  INFO 23620 --- [http-nio-8084-exec-1] o.s.web.servlet.DispatcherServlet        : Initializing Servlet 'dispatcherServlet'
18:35:45:542  INFO 23620 --- [http-nio-8084-exec-1] o.s.web.servlet.DispatcherServlet        : Completed initialization in 1 ms
18:35:45:768  WARN 23620 --- [http-nio-8084-exec-1] c.b.m.c.t.support.ReflectLambdaMeta      : Unable to make field private final java.lang.Class java.lang.invoke.SerializedLambda.capturingClass accessible: module java.base does not "opens java.lang.invoke" to unnamed module @6a6cb05c
18:35:45:789  INFO 23620 --- [http-nio-8084-exec-1] com.zaxxer.hikari.HikariDataSource       : HikariPool-1 - Starting...
18:35:54:169  INFO 23620 --- [http-nio-8084-exec-1] com.zaxxer.hikari.HikariDataSource       : HikariPool-1 - Start completed.
18:35:54:184 DEBUG 23620 --- [http-nio-8084-exec-1] c.h.user.mapper.UserMapper.selectList    : ==>  Preparing: SELECT id,username,password,phone,create_time,update_time,status,balance FROM user WHERE (username = ?)
18:35:54:226 DEBUG 23620 --- [http-nio-8084-exec-1] c.h.user.mapper.UserMapper.selectList    : ==> Parameters: jack(String)
18:35:54:291 DEBUG 23620 --- [http-nio-8084-exec-1] c.h.user.mapper.UserMapper.selectList    : <==      Total: 1
18:35:54:300 DEBUG 23620 --- [http-nio-8084-exec-2] c.h.user.mapper.UserMapper.selectList    : ==>  Preparing: SELECT id,username,password,phone,create_time,update_time,status,balance FROM user WHERE (username = ?)
18:35:54:301 DEBUG 23620 --- [http-nio-8084-exec-2] c.h.user.mapper.UserMapper.selectList    : ==> Parameters: jack(String)
18:35:54:304 DEBUG 23620 --- [http-nio-8084-exec-2] c.h.user.mapper.UserMapper.selectList    : <==      Total: 1
18:35:58:891 DEBUG 23620 --- [http-nio-8084-exec-3] c.h.user.mapper.UserMapper.selectList    : ==>  Preparing: SELECT id,username,password,phone,create_time,update_time,status,balance FROM user WHERE (username = ?)
18:35:58:891 DEBUG 23620 --- [http-nio-8084-exec-3] c.h.user.mapper.UserMapper.selectList    : ==> Parameters: jack(String)
18:35:58:893 DEBUG 23620 --- [http-nio-8084-exec-3] c.h.user.mapper.UserMapper.selectList    : <==      Total: 1
18:37:01:877 DEBUG 23620 --- [http-nio-8084-exec-5] c.h.u.mapper.AddressMapper.selectList    : ==>  Preparing: SELECT id,user_id,province,city,town,mobile,street,contact,is_default,notes FROM address WHERE (user_id = ?)
18:37:01:877 DEBUG 23620 --- [http-nio-8084-exec-5] c.h.u.mapper.AddressMapper.selectList    : ==> Parameters: 1(Long)
18:37:01:883 DEBUG 23620 --- [http-nio-8084-exec-5] c.h.u.mapper.AddressMapper.selectList    : <==      Total: 4
18:50:34:881  WARN 23620 --- [Thread-5] c.a.nacos.common.notify.NotifyCenter     : [NotifyCenter] Start destroying Publisher
18:50:34:882  WARN 23620 --- [Thread-5] c.a.nacos.common.notify.NotifyCenter     : [NotifyCenter] Destruction of the end
18:50:34:881  WARN 23620 --- [Thread-1] c.a.n.common.http.HttpClientBeanHolder   : [HttpClientBeanHolder] Start destroying common HttpClient
18:50:34:884  WARN 23620 --- [Thread-1] c.a.n.common.http.HttpClientBeanHolder   : [HttpClientBeanHolder] Destruction of the end
18:50:34:977  INFO 23620 --- [SpringApplicationShutdownHook] c.a.c.n.registry.NacosServiceRegistry    : De-registering from Nacos Server now...
18:50:34:983  INFO 23620 --- [SpringApplicationShutdownHook] c.a.c.n.registry.NacosServiceRegistry    : De-registration finished.
18:50:35:311  INFO 23620 --- [SpringApplicationShutdownHook] com.alibaba.nacos.common.remote.client   : Shutdown rpc client, set status to shutdown
18:50:35:312  INFO 23620 --- [SpringApplicationShutdownHook] com.alibaba.nacos.common.remote.client   : Shutdown client event executor java.util.concurrent.ScheduledThreadPoolExecutor@755d3fad[Running, pool size = 2, active threads = 2, queued tasks = 0, completed tasks = 0]
18:50:35:312  INFO 23620 --- [SpringApplicationShutdownHook] com.alibaba.nacos.common.remote.client   : Close current connection 1722076286494_192.168.6.1_50555
18:50:35:314  INFO 23620 --- [nacos-grpc-client-executor-245] c.a.n.c.remote.client.grpc.GrpcClient    : [1722076286494_192.168.6.1_50555]Ignore complete event,isRunning:false,isAbandon=false
18:50:35:319  INFO 23620 --- [SpringApplicationShutdownHook] c.a.n.c.remote.client.grpc.GrpcClient    : Shutdown grpc executor java.util.concurrent.ThreadPoolExecutor@37cab20c[Running, pool size = 5, active threads = 0, queued tasks = 0, completed tasks = 246]
18:50:35:324  INFO 23620 --- [SpringApplicationShutdownHook] com.zaxxer.hikari.HikariDataSource       : HikariPool-1 - Shutdown initiated...
18:50:35:340  INFO 23620 --- [SpringApplicationShutdownHook] com.zaxxer.hikari.HikariDataSource       : HikariPool-1 - Shutdown completed.
18:50:49:483  INFO 42832 --- [main] com.hmall.user.UserApplication           : The following 1 profile is active: "local"
18:50:50:858  INFO 42832 --- [main] .s.d.r.c.RepositoryConfigurationDelegate : Multiple Spring Data modules found, entering strict repository configuration mode
18:50:50:864  INFO 42832 --- [main] .s.d.r.c.RepositoryConfigurationDelegate : Bootstrapping Spring Data Redis repositories in DEFAULT mode.
18:50:50:902  INFO 42832 --- [main] .s.d.r.c.RepositoryConfigurationDelegate : Finished Spring Data repository scanning in 15 ms. Found 0 Redis repository interfaces.
18:50:51:315  INFO 42832 --- [main] o.s.cloud.context.scope.GenericScope     : BeanFactory id=0f9f95f6-046b-3048-8ba4-d027c5e78305
18:50:52:019  INFO 42832 --- [main] o.s.b.w.embedded.tomcat.TomcatWebServer  : Tomcat initialized with port(s): 8084 (http)
18:50:52:035  INFO 42832 --- [main] o.apache.catalina.core.StandardService   : Starting service [Tomcat]
18:50:52:036  INFO 42832 --- [main] org.apache.catalina.core.StandardEngine  : Starting Servlet engine: [Apache Tomcat/9.0.75]
18:50:52:206  INFO 42832 --- [main] o.a.c.c.C.[Tomcat].[localhost].[/]       : Initializing Spring embedded WebApplicationContext
18:50:52:206  INFO 42832 --- [main] w.s.c.ServletWebServerApplicationContext : Root WebApplicationContext: initialization completed in 2683 ms
18:50:55:733  INFO 42832 --- [main] o.s.cloud.commons.util.InetUtils         : Cannot determine local hostname
18:50:55:787  INFO 42832 --- [main] pertySourcedRequestMappingHandlerMapping : Mapped URL path [/v2/api-docs] onto method [springfox.documentation.swagger2.web.Swagger2ControllerWebMvc#getDocumentation(String, HttpServletRequest)]
18:50:57:672  INFO 42832 --- [main] o.s.cloud.commons.util.InetUtils         : Cannot determine local hostname
18:50:58:149  INFO 42832 --- [main] com.alibaba.nacos.common.remote.client   : [RpcClientFactory] create a new rpc client of 548526ee-a24a-4f9b-ad8f-4466614b43d9
18:50:58:150  INFO 42832 --- [main] com.alibaba.nacos.common.remote.client   : [548526ee-a24a-4f9b-ad8f-4466614b43d9] RpcClient init label, labels = {module=naming, source=sdk}
18:50:58:154  INFO 42832 --- [main] com.alibaba.nacos.common.remote.client   : [548526ee-a24a-4f9b-ad8f-4466614b43d9] RpcClient init, ServerListFactory = com.alibaba.nacos.client.naming.core.ServerListManager
18:50:58:154  INFO 42832 --- [main] com.alibaba.nacos.common.remote.client   : [548526ee-a24a-4f9b-ad8f-4466614b43d9] Registry connection listener to current client:com.alibaba.nacos.client.naming.remote.gprc.redo.NamingGrpcRedoService
18:50:58:155  INFO 42832 --- [main] com.alibaba.nacos.common.remote.client   : [548526ee-a24a-4f9b-ad8f-4466614b43d9] Register server push request handler:com.alibaba.nacos.client.naming.remote.gprc.NamingPushRequestHandler
18:50:58:156  INFO 42832 --- [main] com.alibaba.nacos.common.remote.client   : [548526ee-a24a-4f9b-ad8f-4466614b43d9] Try to connect to server on start up, server: {serverIp = '192.168.6.125', server main port = 8848}
18:50:58:288  INFO 42832 --- [main] com.alibaba.nacos.common.remote.client   : [548526ee-a24a-4f9b-ad8f-4466614b43d9] Success to connect to server [192.168.6.125:8848] on start up, connectionId = 1722077458215_192.168.6.1_51256
18:50:58:289  INFO 42832 --- [main] com.alibaba.nacos.common.remote.client   : [548526ee-a24a-4f9b-ad8f-4466614b43d9] Register server push request handler:com.alibaba.nacos.common.remote.client.RpcClient$ConnectResetRequestHandler
18:50:58:289  INFO 42832 --- [com.alibaba.nacos.client.remote.worker] com.alibaba.nacos.common.remote.client   : [548526ee-a24a-4f9b-ad8f-4466614b43d9] Notify connected event to listeners.
18:50:58:289  INFO 42832 --- [main] com.alibaba.nacos.common.remote.client   : [548526ee-a24a-4f9b-ad8f-4466614b43d9] Register server push request handler:com.alibaba.nacos.common.remote.client.RpcClient$$Lambda$482/0x0000025b3c4f5d18
18:50:58:366  INFO 42832 --- [main] o.s.b.w.embedded.tomcat.TomcatWebServer  : Tomcat started on port(s): 8084 (http) with context path ''
18:50:58:380  INFO 42832 --- [main] c.a.c.n.registry.NacosServiceRegistry    : nacos registry, DEFAULT_GROUP user-service 192.168.6.1:8084 register finished
18:50:58:925  INFO 42832 --- [nacos-grpc-client-executor-6] com.alibaba.nacos.common.remote.client   : [548526ee-a24a-4f9b-ad8f-4466614b43d9] Receive server push request, request = NotifySubscriberRequest, requestId = 26
18:50:58:934  INFO 42832 --- [nacos-grpc-client-executor-6] com.alibaba.nacos.common.remote.client   : [548526ee-a24a-4f9b-ad8f-4466614b43d9] Ack server push request, request = NotifySubscriberRequest, requestId = 26
18:50:59:578  INFO 42832 --- [main] o.s.cloud.commons.util.InetUtils         : Cannot determine local hostname
18:50:59:580  INFO 42832 --- [main] d.s.w.p.DocumentationPluginsBootstrapper : Documentation plugins bootstrapped
18:50:59:585  INFO 42832 --- [main] d.s.w.p.DocumentationPluginsBootstrapper : Found 1 custom documentation plugin(s)
18:50:59:626  INFO 42832 --- [main] s.d.s.w.s.ApiListingReferenceScanner     : Scanning for api listing references
18:50:59:648  INFO 42832 --- [main] com.hmall.user.UserApplication           : Started UserApplication in 16.652 seconds (JVM running for 18.329)
18:50:59:661  INFO 42832 --- [main] c.a.c.n.refresh.NacosContextRefresher    : [Nacos Config] Listening config: dataId=user-service.yaml, group=DEFAULT_GROUP
18:50:59:663  INFO 42832 --- [main] c.a.c.n.refresh.NacosContextRefresher    : [Nacos Config] Listening config: dataId=user-service-local.yaml, group=DEFAULT_GROUP
18:50:59:664  INFO 42832 --- [main] c.a.c.n.refresh.NacosContextRefresher    : [Nacos Config] Listening config: dataId=user-service, group=DEFAULT_GROUP
19:24:08:814  INFO 42832 --- [http-nio-8084-exec-1] o.a.c.c.C.[Tomcat].[localhost].[/]       : Initializing Spring DispatcherServlet 'dispatcherServlet'
19:24:08:818  INFO 42832 --- [http-nio-8084-exec-1] o.s.web.servlet.DispatcherServlet        : Initializing Servlet 'dispatcherServlet'
19:24:08:838  INFO 42832 --- [http-nio-8084-exec-1] o.s.web.servlet.DispatcherServlet        : Completed initialization in 20 ms
19:24:09:098  WARN 42832 --- [http-nio-8084-exec-1] c.b.m.c.t.support.ReflectLambdaMeta      : Unable to make field private final java.lang.Class java.lang.invoke.SerializedLambda.capturingClass accessible: module java.base does not "opens java.lang.invoke" to unnamed module @3b69e7d1
19:24:09:119  INFO 42832 --- [http-nio-8084-exec-1] com.zaxxer.hikari.HikariDataSource       : HikariPool-1 - Starting...
19:24:17:468  INFO 42832 --- [http-nio-8084-exec-1] com.zaxxer.hikari.HikariDataSource       : HikariPool-1 - Start completed.
19:24:17:477 DEBUG 42832 --- [http-nio-8084-exec-1] c.h.user.mapper.UserMapper.selectList    : ==>  Preparing: SELECT id,username,password,phone,create_time,update_time,status,balance FROM user WHERE (username = ?)
19:24:17:513 DEBUG 42832 --- [http-nio-8084-exec-1] c.h.user.mapper.UserMapper.selectList    : ==> Parameters: jack(String)
19:24:17:556 DEBUG 42832 --- [http-nio-8084-exec-1] c.h.user.mapper.UserMapper.selectList    : <==      Total: 1
19:24:23:473 DEBUG 42832 --- [http-nio-8084-exec-2] c.h.user.mapper.UserMapper.selectList    : ==>  Preparing: SELECT id,username,password,phone,create_time,update_time,status,balance FROM user WHERE (username = ?)
19:24:23:474 DEBUG 42832 --- [http-nio-8084-exec-2] c.h.user.mapper.UserMapper.selectList    : ==> Parameters: jack(String)
19:24:23:476 DEBUG 42832 --- [http-nio-8084-exec-2] c.h.user.mapper.UserMapper.selectList    : <==      Total: 1
19:24:41:519 DEBUG 42832 --- [http-nio-8084-exec-3] c.h.u.mapper.AddressMapper.selectList    : ==>  Preparing: SELECT id,user_id,province,city,town,mobile,street,contact,is_default,notes FROM address WHERE (user_id = ?)
19:24:41:519 DEBUG 42832 --- [http-nio-8084-exec-3] c.h.u.mapper.AddressMapper.selectList    : ==> Parameters: 1(Long)
19:24:41:523 DEBUG 42832 --- [http-nio-8084-exec-3] c.h.u.mapper.AddressMapper.selectList    : <==      Total: 4
19:32:03:518 DEBUG 42832 --- [http-nio-8084-exec-5] c.h.u.mapper.AddressMapper.selectList    : ==>  Preparing: SELECT id,user_id,province,city,town,mobile,street,contact,is_default,notes FROM address WHERE (user_id = ?)
19:32:03:519 DEBUG 42832 --- [http-nio-8084-exec-5] c.h.u.mapper.AddressMapper.selectList    : ==> Parameters: 1(Long)
19:32:03:521 DEBUG 42832 --- [http-nio-8084-exec-5] c.h.u.mapper.AddressMapper.selectList    : <==      Total: 4
19:36:26:610  INFO 42832 --- [com.alibaba.nacos.client.remote.worker] com.alibaba.nacos.common.remote.client   : [a9aabcb2-7cab-4b5a-9bbf-3fa55732c4f8_config-0] Server healthy check fail, currentConnection = 1722077449058_192.168.6.1_51250
19:36:26:612  INFO 42832 --- [com.alibaba.nacos.client.remote.worker] com.alibaba.nacos.common.remote.client   : [a9aabcb2-7cab-4b5a-9bbf-3fa55732c4f8_config-0] Try to reconnect to a new server, server is  not appointed, will choose a random server.
19:36:26:867  INFO 42832 --- [com.alibaba.nacos.client.remote.worker] com.alibaba.nacos.common.remote.client   : [548526ee-a24a-4f9b-ad8f-4466614b43d9] Server healthy check fail, currentConnection = 1722077458215_192.168.6.1_51256
19:36:26:868  INFO 42832 --- [com.alibaba.nacos.client.remote.worker] com.alibaba.nacos.common.remote.client   : [548526ee-a24a-4f9b-ad8f-4466614b43d9] Try to reconnect to a new server, server is  not appointed, will choose a random server.
19:36:29:651 ERROR 42832 --- [com.alibaba.nacos.client.remote.worker] c.a.n.c.remote.client.grpc.GrpcClient    : Server check fail, please check server 192.168.6.125 ,port 9848 is available , error ={}

java.util.concurrent.TimeoutException: Waited 3000 milliseconds (plus 11 milliseconds, 958700 nanoseconds delay) for com.alibaba.nacos.shaded.io.grpc.stub.ClientCalls$GrpcFuture@438b9cdc[status=PENDING, info=[GrpcFuture{clientCall={delegate={delegate=ClientCallImpl{method=MethodDescriptor{fullMethodName=Request/request, type=UNARY, idempotent=false, safe=false, sampledToLocalTracing=true, requestMarshaller=com.alibaba.nacos.shaded.io.grpc.protobuf.lite.ProtoLiteUtils$MessageMarshaller@6fb8a37b, responseMarshaller=com.alibaba.nacos.shaded.io.grpc.protobuf.lite.ProtoLiteUtils$MessageMarshaller@317c6b74, schemaDescriptor=com.alibaba.nacos.api.grpc.auto.RequestGrpc$RequestMethodDescriptorSupplier@6432062e}}}}}]]
	at com.alibaba.nacos.shaded.com.google.common.util.concurrent.AbstractFuture.get(AbstractFuture.java:508) ~[nacos-client-2.0.4.jar:na]
	at com.alibaba.nacos.common.remote.client.grpc.GrpcClient.serverCheck(GrpcClient.java:148) ~[nacos-client-2.0.4.jar:na]
	at com.alibaba.nacos.common.remote.client.grpc.GrpcClient.connectToServer(GrpcClient.java:264) ~[nacos-client-2.0.4.jar:na]
	at com.alibaba.nacos.common.remote.client.RpcClient.reconnect(RpcClient.java:522) ~[nacos-client-2.0.4.jar:na]
	at com.alibaba.nacos.common.remote.client.RpcClient.lambda$start$2(RpcClient.java:370) ~[nacos-client-2.0.4.jar:na]
	at java.base/java.util.concurrent.Executors$RunnableAdapter.call(Executors.java:539) ~[na:na]
	at java.base/java.util.concurrent.FutureTask.run(FutureTask.java:264) ~[na:na]
	at java.base/java.util.concurrent.ScheduledThreadPoolExecutor$ScheduledFutureTask.run(ScheduledThreadPoolExecutor.java:304) ~[na:na]
	at java.base/java.util.concurrent.ThreadPoolExecutor.runWorker(ThreadPoolExecutor.java:1136) ~[na:na]
	at java.base/java.util.concurrent.ThreadPoolExecutor$Worker.run(ThreadPoolExecutor.java:635) ~[na:na]
	at java.base/java.lang.Thread.run(Thread.java:842) ~[na:na]

19:36:29:883 ERROR 42832 --- [com.alibaba.nacos.client.remote.worker] c.a.n.c.remote.client.grpc.GrpcClient    : Server check fail, please check server 192.168.6.125 ,port 9848 is available , error ={}

java.util.concurrent.TimeoutException: Waited 3000 milliseconds (plus 12 milliseconds, 472400 nanoseconds delay) for com.alibaba.nacos.shaded.io.grpc.stub.ClientCalls$GrpcFuture@1ad7f54f[status=PENDING, info=[GrpcFuture{clientCall={delegate={delegate=ClientCallImpl{method=MethodDescriptor{fullMethodName=Request/request, type=UNARY, idempotent=false, safe=false, sampledToLocalTracing=true, requestMarshaller=com.alibaba.nacos.shaded.io.grpc.protobuf.lite.ProtoLiteUtils$MessageMarshaller@6fb8a37b, responseMarshaller=com.alibaba.nacos.shaded.io.grpc.protobuf.lite.ProtoLiteUtils$MessageMarshaller@317c6b74, schemaDescriptor=com.alibaba.nacos.api.grpc.auto.RequestGrpc$RequestMethodDescriptorSupplier@6432062e}}}}}]]
	at com.alibaba.nacos.shaded.com.google.common.util.concurrent.AbstractFuture.get(AbstractFuture.java:508) ~[nacos-client-2.0.4.jar:na]
	at com.alibaba.nacos.common.remote.client.grpc.GrpcClient.serverCheck(GrpcClient.java:148) ~[nacos-client-2.0.4.jar:na]
	at com.alibaba.nacos.common.remote.client.grpc.GrpcClient.connectToServer(GrpcClient.java:264) ~[nacos-client-2.0.4.jar:na]
	at com.alibaba.nacos.common.remote.client.RpcClient.reconnect(RpcClient.java:522) ~[nacos-client-2.0.4.jar:na]
	at com.alibaba.nacos.common.remote.client.RpcClient.lambda$start$2(RpcClient.java:370) ~[nacos-client-2.0.4.jar:na]
	at java.base/java.util.concurrent.Executors$RunnableAdapter.call(Executors.java:539) ~[na:na]
	at java.base/java.util.concurrent.FutureTask.run(FutureTask.java:264) ~[na:na]
	at java.base/java.util.concurrent.ScheduledThreadPoolExecutor$ScheduledFutureTask.run(ScheduledThreadPoolExecutor.java:304) ~[na:na]
	at java.base/java.util.concurrent.ThreadPoolExecutor.runWorker(ThreadPoolExecutor.java:1136) ~[na:na]
	at java.base/java.util.concurrent.ThreadPoolExecutor$Worker.run(ThreadPoolExecutor.java:635) ~[na:na]
	at java.base/java.lang.Thread.run(Thread.java:842) ~[na:na]

19:36:29:959  INFO 42832 --- [com.alibaba.nacos.client.remote.worker] com.alibaba.nacos.common.remote.client   : [a9aabcb2-7cab-4b5a-9bbf-3fa55732c4f8_config-0] Success to connect a server [192.168.6.125:8848], connectionId = 1722080189869_192.168.6.1_53479
19:36:29:960  INFO 42832 --- [com.alibaba.nacos.client.remote.worker] com.alibaba.nacos.common.remote.client   : [a9aabcb2-7cab-4b5a-9bbf-3fa55732c4f8_config-0] Abandon prev connection, server is 192.168.6.125:8848, connectionId is 1722077449058_192.168.6.1_51250
19:36:29:960  INFO 42832 --- [com.alibaba.nacos.client.remote.worker] com.alibaba.nacos.common.remote.client   : Close current connection 1722077449058_192.168.6.1_51250
19:36:29:965  INFO 42832 --- [com.alibaba.nacos.client.remote.worker] com.alibaba.nacos.common.remote.client   : [a9aabcb2-7cab-4b5a-9bbf-3fa55732c4f8_config-0] Notify disconnected event to listeners
19:36:29:966  INFO 42832 --- [com.alibaba.nacos.client.remote.worker] com.alibaba.nacos.common.remote.client   : [a9aabcb2-7cab-4b5a-9bbf-3fa55732c4f8_config-0] Notify connected event to listeners.
19:36:29:973  WARN 42832 --- [nacos-grpc-client-executor-572] c.a.n.c.remote.client.grpc.GrpcClient    : [1722077449058_192.168.6.1_51250]Ignore error event,isRunning:true,isAbandon=true
19:36:30:320  INFO 42832 --- [com.alibaba.nacos.client.remote.worker] com.alibaba.nacos.common.remote.client   : [548526ee-a24a-4f9b-ad8f-4466614b43d9] Success to connect a server [192.168.6.125:8848], connectionId = 1722080190222_192.168.6.1_53525
19:36:30:320  INFO 42832 --- [com.alibaba.nacos.client.remote.worker] com.alibaba.nacos.common.remote.client   : [548526ee-a24a-4f9b-ad8f-4466614b43d9] Abandon prev connection, server is 192.168.6.125:8848, connectionId is 1722077458215_192.168.6.1_51256
19:36:30:321  INFO 42832 --- [com.alibaba.nacos.client.remote.worker] com.alibaba.nacos.common.remote.client   : Close current connection 1722077458215_192.168.6.1_51256
19:36:30:322  INFO 42832 --- [com.alibaba.nacos.client.remote.worker] com.alibaba.nacos.common.remote.client   : [548526ee-a24a-4f9b-ad8f-4466614b43d9] Notify disconnected event to listeners
19:36:30:324  INFO 42832 --- [com.alibaba.nacos.client.remote.worker] com.alibaba.nacos.common.remote.client   : [548526ee-a24a-4f9b-ad8f-4466614b43d9] Notify connected event to listeners.
19:36:30:338  WARN 42832 --- [nacos-grpc-client-executor-561] c.a.n.c.remote.client.grpc.GrpcClient    : [1722077458215_192.168.6.1_51256]Ignore error event,isRunning:true,isAbandon=true
19:36:31:708  INFO 42832 --- [nacos-grpc-client-executor-565] com.alibaba.nacos.common.remote.client   : [548526ee-a24a-4f9b-ad8f-4466614b43d9] Receive server push request, request = NotifySubscriberRequest, requestId = 65
19:36:31:709  INFO 42832 --- [nacos-grpc-client-executor-565] com.alibaba.nacos.common.remote.client   : [548526ee-a24a-4f9b-ad8f-4466614b43d9] Ack server push request, request = NotifySubscriberRequest, requestId = 65
19:51:47:705  WARN 42832 --- [Thread-5] c.a.nacos.common.notify.NotifyCenter     : [NotifyCenter] Start destroying Publisher
19:51:47:706  WARN 42832 --- [Thread-1] c.a.n.common.http.HttpClientBeanHolder   : [HttpClientBeanHolder] Start destroying common HttpClient
19:51:47:706  WARN 42832 --- [Thread-5] c.a.nacos.common.notify.NotifyCenter     : [NotifyCenter] Destruction of the end
19:51:47:707  WARN 42832 --- [Thread-1] c.a.n.common.http.HttpClientBeanHolder   : [HttpClientBeanHolder] Destruction of the end
19:51:47:884  INFO 42832 --- [SpringApplicationShutdownHook] c.a.c.n.registry.NacosServiceRegistry    : De-registering from Nacos Server now...
19:51:47:887  INFO 42832 --- [SpringApplicationShutdownHook] c.a.c.n.registry.NacosServiceRegistry    : De-registration finished.
19:51:48:222  INFO 42832 --- [SpringApplicationShutdownHook] com.alibaba.nacos.common.remote.client   : Shutdown rpc client, set status to shutdown
19:51:48:223  INFO 42832 --- [SpringApplicationShutdownHook] com.alibaba.nacos.common.remote.client   : Shutdown client event executor java.util.concurrent.ScheduledThreadPoolExecutor@76074590[Running, pool size = 2, active threads = 2, queued tasks = 0, completed tasks = 0]
19:51:48:224  INFO 42832 --- [SpringApplicationShutdownHook] com.alibaba.nacos.common.remote.client   : Close current connection 1722080190222_192.168.6.1_53525
19:51:48:225  INFO 42832 --- [SpringApplicationShutdownHook] c.a.n.c.remote.client.grpc.GrpcClient    : Shutdown grpc executor java.util.concurrent.ThreadPoolExecutor@496da888[Running, pool size = 4, active threads = 0, queued tasks = 0, completed tasks = 750]
19:51:48:232  WARN 42832 --- [nacos-grpc-client-executor-750] c.a.n.c.remote.client.grpc.GrpcClient    : [1722080190222_192.168.6.1_53525]Ignore error event,isRunning:false,isAbandon=false
19:51:48:250  INFO 42832 --- [SpringApplicationShutdownHook] com.zaxxer.hikari.HikariDataSource       : HikariPool-1 - Shutdown initiated...
19:51:48:283  INFO 42832 --- [SpringApplicationShutdownHook] com.zaxxer.hikari.HikariDataSource       : HikariPool-1 - Shutdown completed.
